<?xml version="1.0" encoding="UTF-8" ?>
<testsuite errors="1" failures="0" hostname="e31a8t" name="com.example.Macro3Test" tests="1" time="0.109" timestamp="2009-02-04T13:32:57">
  <properties>
[...]
</properties>
  <testcase classname="com.example.Macro3Test" name="testMacro3" time="0.015">
    <error message="no unowinreg in java.library.path" type="java.lang.UnsatisfiedLinkError">java.lang.UnsatisfiedLinkError: no unowinreg in java.library.path
	at java.lang.ClassLoader.loadLibrary(ClassLoader.java:1682)
	at java.lang.Runtime.loadLibrary0(Runtime.java:823)
	at java.lang.System.loadLibrary(System.java:1030)
	at com.sun.star.lib.loader.WinRegKey.&lt;clinit&gt;(WinRegKey.java:93)
	at com.sun.star.lib.loader.InstallationFinder.getPathFromWindowsRegistry(InstallationFinder.java:207)
	at com.sun.star.lib.loader.InstallationFinder.getPath(InstallationFinder.java:115)
	at com.sun.star.lib.loader.Loader.getCustomLoader(Loader.java:180)
	at com.example.Macro3Test.testMacro3(Macro3Test.java:35)
</error>
  </testcase>
  <system-out><![CDATA[]]></system-out>
  <system-err><![CDATA[]]></system-err>
</testsuite>
